<?xml version="1.0" encoding="UTF-8"?>
<testsuite name="com.example.springexam1.service.MemberServiceIntegrationTest" tests="1" skipped="0" failures="0" errors="0" timestamp="2022-02-07T11:49:50" hostname="DESKTOP-HH0LJ1K" time="0.354">
  <properties/>
  <testcase name="회원가입()" classname="com.example.springexam1.service.MemberServiceIntegrationTest" time="0.354"/>
  <system-out><![CDATA[20:49:45.816 [Test worker] DEBUG org.springframework.test.context.BootstrapUtils - Instantiating CacheAwareContextLoaderDelegate from class [org.springframework.test.context.cache.DefaultCacheAwareContextLoaderDelegate]
20:49:45.825 [Test worker] DEBUG org.springframework.test.context.BootstrapUtils - Instantiating BootstrapContext using constructor [public org.springframework.test.context.support.DefaultBootstrapContext(java.lang.Class,org.springframework.test.context.CacheAwareContextLoaderDelegate)]
20:49:45.853 [Test worker] DEBUG org.springframework.test.context.BootstrapUtils - Instantiating TestContextBootstrapper for test class [com.example.springexam1.service.MemberServiceIntegrationTest] from class [org.springframework.boot.test.context.SpringBootTestContextBootstrapper]
20:49:45.864 [Test worker] INFO org.springframework.boot.test.context.SpringBootTestContextBootstrapper - Neither @ContextConfiguration nor @ContextHierarchy found for test class [com.example.springexam1.service.MemberServiceIntegrationTest], using SpringBootContextLoader
20:49:45.868 [Test worker] DEBUG org.springframework.test.context.support.AbstractContextLoader - Did not detect default resource location for test class [com.example.springexam1.service.MemberServiceIntegrationTest]: class path resource [com/example/springexam1/service/MemberServiceIntegrationTest-context.xml] does not exist
20:49:45.869 [Test worker] DEBUG org.springframework.test.context.support.AbstractContextLoader - Did not detect default resource location for test class [com.example.springexam1.service.MemberServiceIntegrationTest]: class path resource [com/example/springexam1/service/MemberServiceIntegrationTestContext.groovy] does not exist
20:49:45.869 [Test worker] INFO org.springframework.test.context.support.AbstractContextLoader - Could not detect default resource locations for test class [com.example.springexam1.service.MemberServiceIntegrationTest]: no resource found for suffixes {-context.xml, Context.groovy}.
20:49:45.870 [Test worker] INFO org.springframework.test.context.support.AnnotationConfigContextLoaderUtils - Could not detect default configuration classes for test class [com.example.springexam1.service.MemberServiceIntegrationTest]: MemberServiceIntegrationTest does not declare any static, non-private, non-final, nested classes annotated with @Configuration.
20:49:45.910 [Test worker] DEBUG org.springframework.test.context.support.ActiveProfilesUtils - Could not find an 'annotation declaring class' for annotation type [org.springframework.test.context.ActiveProfiles] and class [com.example.springexam1.service.MemberServiceIntegrationTest]
20:49:45.968 [Test worker] DEBUG org.springframework.context.annotation.ClassPathScanningCandidateComponentProvider - Identified candidate component class: file [C:\Users\lee\IdeaProjects\springExam1\build\classes\java\main\com\example\springexam1\SpringExam1Application.class]
20:49:45.972 [Test worker] INFO org.springframework.boot.test.context.SpringBootTestContextBootstrapper - Found @SpringBootConfiguration com.example.springexam1.SpringExam1Application for test class com.example.springexam1.service.MemberServiceIntegrationTest
20:49:46.071 [Test worker] DEBUG org.springframework.boot.test.context.SpringBootTestContextBootstrapper - @TestExecutionListeners is not present for class [com.example.springexam1.service.MemberServiceIntegrationTest]: using defaults.
20:49:46.072 [Test worker] INFO org.springframework.boot.test.context.SpringBootTestContextBootstrapper - Loaded default TestExecutionListener class names from location [META-INF/spring.factories]: [org.springframework.boot.test.autoconfigure.restdocs.RestDocsTestExecutionListener, org.springframework.boot.test.autoconfigure.web.client.MockRestServiceServerResetTestExecutionListener, org.springframework.boot.test.autoconfigure.web.servlet.MockMvcPrintOnlyOnFailureTestExecutionListener, org.springframework.boot.test.autoconfigure.web.servlet.WebDriverTestExecutionListener, org.springframework.boot.test.autoconfigure.webservices.client.MockWebServiceServerTestExecutionListener, org.springframework.boot.test.mock.mockito.MockitoTestExecutionListener, org.springframework.boot.test.mock.mockito.ResetMocksTestExecutionListener, org.springframework.test.context.web.ServletTestExecutionListener, org.springframework.test.context.support.DirtiesContextBeforeModesTestExecutionListener, org.springframework.test.context.event.ApplicationEventsTestExecutionListener, org.springframework.test.context.support.DependencyInjectionTestExecutionListener, org.springframework.test.context.support.DirtiesContextTestExecutionListener, org.springframework.test.context.transaction.TransactionalTestExecutionListener, org.springframework.test.context.jdbc.SqlScriptsTestExecutionListener, org.springframework.test.context.event.EventPublishingTestExecutionListener]
20:49:46.087 [Test worker] INFO org.springframework.boot.test.context.SpringBootTestContextBootstrapper - Using TestExecutionListeners: [org.springframework.test.context.web.ServletTestExecutionListener@1bdaa23d, org.springframework.test.context.support.DirtiesContextBeforeModesTestExecutionListener@79f227a9, org.springframework.test.context.event.ApplicationEventsTestExecutionListener@6ca320ab, org.springframework.boot.test.mock.mockito.MockitoTestExecutionListener@50d68830, org.springframework.boot.test.autoconfigure.SpringBootDependencyInjectionTestExecutionListener@1e53135d, org.springframework.test.context.support.DirtiesContextTestExecutionListener@7674a051, org.springframework.test.context.transaction.TransactionalTestExecutionListener@3a7704c, org.springframework.test.context.jdbc.SqlScriptsTestExecutionListener@6754ef00, org.springframework.test.context.event.EventPublishingTestExecutionListener@619bd14c, org.springframework.boot.test.autoconfigure.restdocs.RestDocsTestExecutionListener@323e8306, org.springframework.boot.test.autoconfigure.web.client.MockRestServiceServerResetTestExecutionListener@a23a01d, org.springframework.boot.test.autoconfigure.web.servlet.MockMvcPrintOnlyOnFailureTestExecutionListener@4acf72b6, org.springframework.boot.test.autoconfigure.web.servlet.WebDriverTestExecutionListener@7561db12, org.springframework.boot.test.autoconfigure.webservices.client.MockWebServiceServerTestExecutionListener@3301500b, org.springframework.boot.test.mock.mockito.ResetMocksTestExecutionListener@24b52d3e]
20:49:46.092 [Test worker] DEBUG org.springframework.test.context.support.AbstractDirtiesContextTestExecutionListener - Before test class: context [DefaultTestContext@78e16155 testClass = MemberServiceIntegrationTest, testInstance = [null], testMethod = [null], testException = [null], mergedContextConfiguration = [WebMergedContextConfiguration@54a3ab8f testClass = MemberServiceIntegrationTest, locations = '{}', classes = '{class com.example.springexam1.SpringExam1Application}', contextInitializerClasses = '[]', activeProfiles = '{}', propertySourceLocations = '{}', propertySourceProperties = '{org.springframework.boot.test.context.SpringBootTestContextBootstrapper=true}', contextCustomizers = set[org.springframework.boot.test.autoconfigure.actuate.metrics.MetricsExportContextCustomizerFactory$DisableMetricExportContextCustomizer@75e91545, org.springframework.boot.test.autoconfigure.properties.PropertyMappingContextCustomizer@0, org.springframework.boot.test.autoconfigure.web.servlet.WebDriverContextCustomizerFactory$Customizer@41813449, org.springframework.boot.test.context.filter.ExcludeFilterContextCustomizer@5b07730f, org.springframework.boot.test.json.DuplicateJsonObjectContextCustomizerFactory$DuplicateJsonObjectContextCustomizer@dcfda20, org.springframework.boot.test.mock.mockito.MockitoContextCustomizer@0, org.springframework.boot.test.web.client.TestRestTemplateContextCustomizer@5bfa8cc5, org.springframework.boot.test.context.SpringBootTestArgs@1, org.springframework.boot.test.context.SpringBootTestWebEnvironment@7905a0b8], resourceBasePath = 'src/main/webapp', contextLoader = 'org.springframework.boot.test.context.SpringBootContextLoader', parent = [null]], attributes = map['org.springframework.test.context.web.ServletTestExecutionListener.activateListener' -> true]], class annotated with @DirtiesContext [false] with mode [null].

  .   ____          _            __ _ _
 /\\ / ___'_ __ _ _(_)_ __  __ _ \ \ \ \
( ( )\___ | '_ | '_| | '_ \/ _` | \ \ \ \
 \\/  ___)| |_)| | | | | || (_| |  ) ) ) )
  '  |____| .__|_| |_|_| |_\__, | / / / /
 =========|_|==============|___/=/_/_/_/
 :: Spring Boot ::                (v2.6.3)

2022-02-07 20:49:46.393  INFO 20844 --- [    Test worker] c.e.s.s.MemberServiceIntegrationTest     : Starting MemberServiceIntegrationTest using Java 11.0.12 on DESKTOP-HH0LJ1K with PID 20844 (started by 이희숙 in C:\Users\lee\IdeaProjects\springExam1)
2022-02-07 20:49:46.394  INFO 20844 --- [    Test worker] c.e.s.s.MemberServiceIntegrationTest     : No active profile set, falling back to default profiles: default
2022-02-07 20:49:47.151  INFO 20844 --- [    Test worker] .s.d.r.c.RepositoryConfigurationDelegate : Bootstrapping Spring Data JPA repositories in DEFAULT mode.
2022-02-07 20:49:47.211  INFO 20844 --- [    Test worker] .s.d.r.c.RepositoryConfigurationDelegate : Finished Spring Data repository scanning in 49 ms. Found 1 JPA repository interfaces.
2022-02-07 20:49:47.874  INFO 20844 --- [    Test worker] o.hibernate.jpa.internal.util.LogHelper  : HHH000204: Processing PersistenceUnitInfo [name: default]
2022-02-07 20:49:47.934  INFO 20844 --- [    Test worker] org.hibernate.Version                    : HHH000412: Hibernate ORM core version 5.6.4.Final
2022-02-07 20:49:48.109  INFO 20844 --- [    Test worker] o.hibernate.annotations.common.Version   : HCANN000001: Hibernate Commons Annotations {5.1.2.Final}
2022-02-07 20:49:48.231  INFO 20844 --- [    Test worker] com.zaxxer.hikari.HikariDataSource       : HikariPool-1 - Starting...
2022-02-07 20:49:48.302  INFO 20844 --- [    Test worker] com.zaxxer.hikari.HikariDataSource       : HikariPool-1 - Start completed.
2022-02-07 20:49:48.343  INFO 20844 --- [    Test worker] org.hibernate.dialect.Dialect            : HHH000400: Using dialect: org.hibernate.dialect.H2Dialect
2022-02-07 20:49:48.913  INFO 20844 --- [    Test worker] o.h.e.t.j.p.i.JtaPlatformInitiator       : HHH000490: Using JtaPlatform implementation: [org.hibernate.engine.transaction.jta.platform.internal.NoJtaPlatform]
2022-02-07 20:49:48.924  INFO 20844 --- [    Test worker] j.LocalContainerEntityManagerFactoryBean : Initialized JPA EntityManagerFactory for persistence unit 'default'
start: execution(public com.example.springexam1.service.memberService com.example.springexam1.springConfig.memberService())
end: execution(public com.example.springexam1.service.memberService com.example.springexam1.springConfig.memberService()) 15Ms
2022-02-07 20:49:49.647  WARN 20844 --- [    Test worker] JpaBaseConfiguration$JpaWebConfiguration : spring.jpa.open-in-view is enabled by default. Therefore, database queries may be performed during view rendering. Explicitly configure spring.jpa.open-in-view to disable this warning
2022-02-07 20:49:50.343  INFO 20844 --- [    Test worker] c.e.s.s.MemberServiceIntegrationTest     : Started MemberServiceIntegrationTest in 4.216 seconds (JVM running for 5.413)
2022-02-07 20:49:50.376  INFO 20844 --- [    Test worker] o.s.t.c.transaction.TransactionContext   : Began transaction (1) for test context [DefaultTestContext@78e16155 testClass = MemberServiceIntegrationTest, testInstance = com.example.springexam1.service.MemberServiceIntegrationTest@7d44eab, testMethod = 회원가입@MemberServiceIntegrationTest, testException = [null], mergedContextConfiguration = [WebMergedContextConfiguration@54a3ab8f testClass = MemberServiceIntegrationTest, locations = '{}', classes = '{class com.example.springexam1.SpringExam1Application}', contextInitializerClasses = '[]', activeProfiles = '{}', propertySourceLocations = '{}', propertySourceProperties = '{org.springframework.boot.test.context.SpringBootTestContextBootstrapper=true}', contextCustomizers = set[org.springframework.boot.test.autoconfigure.actuate.metrics.MetricsExportContextCustomizerFactory$DisableMetricExportContextCustomizer@75e91545, org.springframework.boot.test.autoconfigure.properties.PropertyMappingContextCustomizer@0, org.springframework.boot.test.autoconfigure.web.servlet.WebDriverContextCustomizerFactory$Customizer@41813449, org.springframework.boot.test.context.filter.ExcludeFilterContextCustomizer@5b07730f, org.springframework.boot.test.json.DuplicateJsonObjectContextCustomizerFactory$DuplicateJsonObjectContextCustomizer@dcfda20, org.springframework.boot.test.mock.mockito.MockitoContextCustomizer@0, org.springframework.boot.test.web.client.TestRestTemplateContextCustomizer@5bfa8cc5, org.springframework.boot.test.context.SpringBootTestArgs@1, org.springframework.boot.test.context.SpringBootTestWebEnvironment@7905a0b8], resourceBasePath = 'src/main/webapp', contextLoader = 'org.springframework.boot.test.context.SpringBootContextLoader', parent = [null]], attributes = map['org.springframework.test.context.web.ServletTestExecutionListener.activateListener' -> true, 'org.springframework.test.context.web.ServletTestExecutionListener.populatedRequestContextHolder' -> true, 'org.springframework.test.context.web.ServletTestExecutionListener.resetRequestContextHolder' -> true, 'org.springframework.test.context.event.ApplicationEventsTestExecutionListener.recordApplicationEvents' -> false]]; transaction manager [org.springframework.orm.jpa.JpaTransactionManager@3f267e1b]; rollback [true]
start: execution(public java.lang.Long com.example.springexam1.service.memberService.join(com.example.springexam1.domain.Member))
start: execution(public abstract java.util.Optional com.example.springexam1.repository.springDataJpaMemberRepository.findByName(java.lang.String))
Hibernate: select member0_.id as id1_0_, member0_.name as name2_0_ from member member0_ where member0_.name=?
end: execution(public abstract java.util.Optional com.example.springexam1.repository.springDataJpaMemberRepository.findByName(java.lang.String)) 141Ms
start: execution(public abstract com.example.springexam1.domain.Member com.example.springexam1.repository.memberRepository.save(com.example.springexam1.domain.Member))
Hibernate: insert into member (id, name) values (null, ?)
end: execution(public abstract com.example.springexam1.domain.Member com.example.springexam1.repository.memberRepository.save(com.example.springexam1.domain.Member)) 28Ms
end: execution(public java.lang.Long com.example.springexam1.service.memberService.join(com.example.springexam1.domain.Member)) 176Ms
start: execution(public java.util.Optional com.example.springexam1.service.memberService.findOne(java.lang.Long))
start: execution(public abstract java.util.Optional com.example.springexam1.repository.memberRepository.findById(java.lang.Long))
end: execution(public abstract java.util.Optional com.example.springexam1.repository.memberRepository.findById(java.lang.Long)) 10Ms
end: execution(public java.util.Optional com.example.springexam1.service.memberService.findOne(java.lang.Long)) 10Ms
2022-02-07 20:49:50.715  INFO 20844 --- [    Test worker] o.s.t.c.transaction.TransactionContext   : Rolled back transaction for test: [DefaultTestContext@78e16155 testClass = MemberServiceIntegrationTest, testInstance = com.example.springexam1.service.MemberServiceIntegrationTest@7d44eab, testMethod = 회원가입@MemberServiceIntegrationTest, testException = [null], mergedContextConfiguration = [WebMergedContextConfiguration@54a3ab8f testClass = MemberServiceIntegrationTest, locations = '{}', classes = '{class com.example.springexam1.SpringExam1Application}', contextInitializerClasses = '[]', activeProfiles = '{}', propertySourceLocations = '{}', propertySourceProperties = '{org.springframework.boot.test.context.SpringBootTestContextBootstrapper=true}', contextCustomizers = set[org.springframework.boot.test.autoconfigure.actuate.metrics.MetricsExportContextCustomizerFactory$DisableMetricExportContextCustomizer@75e91545, org.springframework.boot.test.autoconfigure.properties.PropertyMappingContextCustomizer@0, org.springframework.boot.test.autoconfigure.web.servlet.WebDriverContextCustomizerFactory$Customizer@41813449, org.springframework.boot.test.context.filter.ExcludeFilterContextCustomizer@5b07730f, org.springframework.boot.test.json.DuplicateJsonObjectContextCustomizerFactory$DuplicateJsonObjectContextCustomizer@dcfda20, org.springframework.boot.test.mock.mockito.MockitoContextCustomizer@0, org.springframework.boot.test.web.client.TestRestTemplateContextCustomizer@5bfa8cc5, org.springframework.boot.test.context.SpringBootTestArgs@1, org.springframework.boot.test.context.SpringBootTestWebEnvironment@7905a0b8], resourceBasePath = 'src/main/webapp', contextLoader = 'org.springframework.boot.test.context.SpringBootContextLoader', parent = [null]], attributes = map['org.springframework.test.context.web.ServletTestExecutionListener.activateListener' -> true, 'org.springframework.test.context.web.ServletTestExecutionListener.populatedRequestContextHolder' -> true, 'org.springframework.test.context.web.ServletTestExecutionListener.resetRequestContextHolder' -> true, 'org.springframework.test.context.event.ApplicationEventsTestExecutionListener.recordApplicationEvents' -> false]]
]]></system-out>
  <system-err><![CDATA[]]></system-err>
</testsuite>
